\BOOKMARK [0][-]{chapter.1}{\376\377\000I\000n\000t\000r\000o\000d\000u\000z\000i\000o\000n\000e}{}% 1
\BOOKMARK [0][-]{chapter.2}{\376\377\000A\000r\000c\000h\000i\000t\000e\000t\000t\000u\000r\000a\000\040\000d\000e\000l\000\040\000p\000r\000o\000g\000e\000t\000t\000o}{}% 2
\BOOKMARK [0][-]{chapter.3}{\376\377\000I\000m\000p\000l\000e\000m\000e\000n\000t\000a\000z\000i\000o\000n\000e\000\040\000d\000e\000l\000\040\000w\000e\000b\000\040\000s\000e\000r\000v\000e\000r}{}% 3
\BOOKMARK [1][-]{section.3.1}{\376\377\000S\000t\000r\000u\000t\000t\000u\000r\000a\000\040\000g\000e\000n\000e\000r\000a\000l\000e}{chapter.3}% 4
\BOOKMARK [2][-]{subsection.3.1.1}{\376\377\000A\000r\000c\000h\000i\000t\000e\000t\000t\000u\000r\000a\000\040\000d\000e\000l\000l\000a\000\040\000c\000l\000a\000s\000s\000e\000\040\000H\000T\000T\000P\000S\000e\000r\000v\000e\000r}{section.3.1}% 5
\BOOKMARK [2][-]{subsection.3.1.2}{\376\377\000C\000i\000c\000l\000o\000\040\000d\000i\000\040\000v\000i\000t\000a\000\040\000d\000e\000l\000\040\000S\000e\000r\000v\000e\000r}{section.3.1}% 6
\BOOKMARK [1][-]{section.3.2}{\376\377\000G\000e\000s\000t\000i\000o\000n\000e\000\040\000d\000e\000l\000l\000e\000\040\000r\000i\000c\000h\000i\000e\000s\000t\000e}{chapter.3}% 7
\BOOKMARK [2][-]{subsection.3.2.1}{\376\377\000V\000a\000l\000i\000d\000a\000z\000i\000o\000n\000e\000\040\000d\000e\000i\000\040\000m\000e\000t\000o\000d\000i\000\040\000H\000T\000T\000P}{section.3.2}% 8
\BOOKMARK [2][-]{subsection.3.2.2}{\376\377\000R\000i\000s\000o\000l\000u\000z\000i\000o\000n\000e\000\040\000d\000e\000i\000\040\000p\000a\000t\000h}{section.3.2}% 9
\BOOKMARK [2][-]{subsection.3.2.3}{\376\377\000T\000h\000r\000e\000a\000d\000i\000n\000g\000\040\000e\000\040\000c\000o\000n\000c\000o\000r\000r\000e\000n\000z\000a}{section.3.2}% 10
\BOOKMARK [1][-]{section.3.3}{\376\377\000G\000e\000s\000t\000i\000o\000n\000e\000\040\000M\000I\000M\000E\000\040\000t\000y\000p\000e\000s\000\040\000e\000\040\000l\000o\000g\000g\000i\000n\000g}{chapter.3}% 11
\BOOKMARK [1][-]{section.3.4}{\376\377\000S\000i\000c\000u\000r\000e\000z\000z\000a\000\040\000b\000a\000s\000e}{chapter.3}% 12
\BOOKMARK [2][-]{subsection.3.4.1}{\376\377\000P\000r\000e\000v\000e\000n\000z\000i\000o\000n\000e\000\040\000d\000i\000r\000e\000c\000t\000o\000r\000y\000\040\000t\000r\000a\000v\000e\000r\000s\000a\000l}{section.3.4}% 13
\BOOKMARK [2][-]{subsection.3.4.2}{\376\377\000G\000e\000s\000t\000i\000o\000n\000e\000\040\000d\000e\000g\000l\000i\000\040\000e\000r\000r\000o\000r\000i\000\040\000H\000T\000T\000P}{section.3.4}% 14
\BOOKMARK [2][-]{subsection.3.4.3}{\376\377\000R\000e\000s\000o\000u\000r\000c\000e\000\040\000c\000l\000e\000a\000n\000u\000p}{section.3.4}% 15
\BOOKMARK [0][-]{chapter.4}{\376\377\000S\000i\000t\000o\000\040\000w\000e\000b\000\040\000s\000t\000a\000t\000i\000c\000o}{}% 16
\BOOKMARK [1][-]{section.4.1}{\376\377\000P\000a\000g\000i\000n\000e\000\040\000H\000T\000M\000L}{chapter.4}% 17
\BOOKMARK [0][-]{chapter.5}{\376\377\000C\000o\000n\000c\000l\000u\000s\000i\000o\000n\000i}{}% 18
\BOOKMARK [1][-]{section.5.1}{\376\377\000S\000v\000i\000l\000u\000p\000p\000i\000\040\000F\000u\000t\000u\000r\000i}{chapter.5}% 19
\BOOKMARK [0][-]{appendix.Alph1}{\376\377\000G\000u\000i\000d\000a\000\040\000u\000t\000e\000n\000t\000e}{}% 20
\BOOKMARK [1][-]{section.Alph1.1}{\376\377\000I\000n\000s\000t\000a\000l\000l\000a\000z\000i\000o\000n\000e\000\040\000e\000\040\000A\000v\000v\000i\000o}{appendix.Alph1}% 21
\BOOKMARK [1][-]{section.Alph1.2}{\376\377\000A\000c\000c\000e\000s\000s\000o\000\040\000a\000l\000l\000e\000\040\000p\000a\000g\000i\000n\000e\000s}{appendix.Alph1}% 22
\BOOKMARK [2][-]{subsection.Alph1.2.1}{\376\377\000N\000o\000t\000e\000\040\000s\000u\000l\000l\000'\000a\000c\000c\000e\000s\000s\000o}{section.Alph1.2}% 23
\BOOKMARK [1][-]{section.Alph1.3}{\376\377\000A\000r\000r\000e\000s\000t\000o\000\040\000d\000e\000l\000\040\000S\000e\000r\000v\000e\000r}{appendix.Alph1}% 24
